Tom arrive at Zoo on day 1
Tom wake up mimi
mimi is waked.
Tom wake up wawa
wawa is waked.
Tom wake up tutu
tutu is waked.
Tom wake up dodo
dodo is waked.
Tom wake up gaga
gaga is waked.
Tom rollCall mimi
mimi miao miao.
Tom rollCall wawa
wawa miao miao.
Tom rollCall tutu
tutu miao miao.
Tom rollCall dodo
dodo wang wang.
Tom rollCall gaga
gaga wang wang.
Tom feed mimi
mimi is eatting food.
Tom feed wawa
wawa is eatting food.
Tom feed tutu
tutu is eatting food.
Tom feed dodo
dodo is eatting food.
Tom feed gaga
gaga is eatting food.
Tom excercise mimi
mimi make noise.
Tom excercise wawa
wawa roam.
Tom excercise tutu
tutu go to sleep.
Tom excercise dodo
dodo roam.
Tom excercise gaga
gaga roam.
Tom let mimi go to sleep.
mimi go to sleeping.
Tom let wawa go to sleep.
wawa go to sleeping.
Tom let tutu go to sleep.
tutu go to sleeping.
Tom let dodo go to sleep.
dodo go to sleeping.
Tom let gaga go to sleep.
gaga go to sleeping.
Tom leave the Zoo on day 1
-------------------------
Tom arrive at Zoo on day 2
Tom wake up mimi
mimi is waked.
Tom wake up wawa
wawa is waked.
Tom wake up tutu
tutu is waked.
Tom wake up dodo
dodo is waked.
Tom wake up gaga
gaga is waked.
Tom rollCall mimi
mimi miao miao.
Tom rollCall wawa
wawa miao miao.
Tom rollCall tutu
tutu miao miao.
Tom rollCall dodo
dodo wang wang.
Tom rollCall gaga
gaga wang wang.
Tom feed mimi
mimi is eatting food.
Tom feed wawa
wawa is eatting food.
Tom feed tutu
tutu is eatting food.
Tom feed dodo
dodo is eatting food.
Tom feed gaga
gaga is eatting food.
Tom excercise mimi
mimi make noise.
Tom excercise wawa
wawa go to sleep.
Tom excercise tutu
tutu go to sleep.
Tom excercise dodo
dodo roam.
Tom excercise gaga
gaga roam.
Tom let mimi go to sleep.
mimi go to sleeping.
Tom let wawa go to sleep.
wawa go to sleeping.
Tom let tutu go to sleep.
tutu go to sleeping.
Tom let dodo go to sleep.
dodo go to sleeping.
Tom let gaga go to sleep.
gaga go to sleeping.
Tom leave the Zoo on day 2
-------------------------
Tom arrive at Zoo on day 3
Tom wake up mimi
mimi is waked.
Tom wake up wawa
wawa is waked.
Tom wake up tutu
tutu is waked.
Tom wake up dodo
dodo is waked.
Tom wake up gaga
gaga is waked.
Tom rollCall mimi
mimi miao miao.
Tom rollCall wawa
wawa miao miao.
Tom rollCall tutu
tutu miao miao.
Tom rollCall dodo
dodo wang wang.
Tom rollCall gaga
gaga wang wang.
Tom feed mimi
mimi is eatting food.
Tom feed wawa
wawa is eatting food.
Tom feed tutu
tutu is eatting food.
Tom feed dodo
dodo is eatting food.
Tom feed gaga
gaga is eatting food.
Tom excercise mimi
mimi make noise.
Tom excercise wawa
wawa go to sleep.
Tom excercise tutu
tutu roam.
Tom excercise dodo
dodo roam.
Tom excercise gaga
gaga dig.
Tom let mimi go to sleep.
mimi go to sleeping.
Tom let wawa go to sleep.
wawa go to sleeping.
Tom let tutu go to sleep.
tutu go to sleeping.
Tom let dodo go to sleep.
dodo go to sleeping.
Tom let gaga go to sleep.
gaga go to sleeping.
Tom leave the Zoo on day 3
-------------------------
Tom arrive at Zoo on day 4
Tom wake up mimi
mimi is waked.
Tom wake up wawa
wawa is waked.
Tom wake up tutu
tutu is waked.
Tom wake up dodo
dodo is waked.
Tom wake up gaga
gaga is waked.
Tom rollCall mimi
mimi miao miao.
Tom rollCall wawa
wawa miao miao.
Tom rollCall tutu
tutu miao miao.
Tom rollCall dodo
dodo wang wang.
Tom rollCall gaga
gaga wang wang.
Tom feed mimi
mimi is eatting food.
Tom feed wawa
wawa is eatting food.
Tom feed tutu
tutu is eatting food.
Tom feed dodo
dodo is eatting food.
Tom feed gaga
gaga is eatting food.
Tom excercise mimi
mimi make noise.
Tom excercise wawa
wawa go to sleep.
Tom excercise tutu
tutu make noise.
Tom excercise dodo
dodo roam.
Tom excercise gaga
gaga roam.
Tom let mimi go to sleep.
mimi go to sleeping.
Tom let wawa go to sleep.
wawa go to sleeping.
Tom let tutu go to sleep.
tutu go to sleeping.
Tom let dodo go to sleep.
dodo go to sleeping.
Tom let gaga go to sleep.
gaga go to sleeping.
Tom leave the Zoo on day 4
-------------------------
Tom arrive at Zoo on day 5
Tom wake up mimi
mimi is waked.
Tom wake up wawa
wawa is waked.
Tom wake up tutu
tutu is waked.
Tom wake up dodo
dodo is waked.
Tom wake up gaga
gaga is waked.
Tom rollCall mimi
mimi miao miao.
Tom rollCall wawa
wawa miao miao.
Tom rollCall tutu
tutu miao miao.
Tom rollCall dodo
dodo wang wang.
Tom rollCall gaga
gaga wang wang.
Tom feed mimi
mimi is eatting food.
Tom feed wawa
wawa is eatting food.
Tom feed tutu
tutu is eatting food.
Tom feed dodo
dodo is eatting food.
Tom feed gaga
gaga is eatting food.
Tom excercise mimi
mimi go to sleep.
Tom excercise wawa
wawa roam.
Tom excercise tutu
tutu make noise.
Tom excercise dodo
dodo roam.
Tom excercise gaga
gaga dig.
Tom let mimi go to sleep.
mimi go to sleeping.
Tom let wawa go to sleep.
wawa go to sleeping.
Tom let tutu go to sleep.
tutu go to sleeping.
Tom let dodo go to sleep.
dodo go to sleeping.
Tom let gaga go to sleep.
gaga go to sleeping.
Tom leave the Zoo on day 5
-------------------------
